2023.10.15 18:15:34: Added Thomas Anderson Teacher
2023.10.15 18:15:34: Added Han Solo Teacher
2023.10.15 18:15:34: Added Princess Leia Teacher
2023.10.15 18:15:34: Added Severus Snape Teacher
2023.10.15 18:15:34: Added Dolores Umbridge Teacher
2023.10.15 18:15:34: Added Peter Pan Student to class class 1A, profile humane
2023.10.15 18:15:34: Added Anna Shirley Student to class class 1A, profile humane
2023.10.15 18:15:34: Added Harry Potter Student to class class 1A, profile humane
2023.10.15 18:15:34: Added Ron Weasley Student to class class 1A, profile humane
2023.10.15 18:15:34: Added term of subject Math on MONDAY at 10:30, 45 min to subject Math
2023.10.15 18:15:34: Added term of subject Math on THURSDAY at 12:50, 45 min to subject Math
2023.10.15 18:15:34: Added subject Math to class 1A, profile humane
2023.10.15 18:15:34: Added term of subject English on MONDAY at 12:00, 45 min to subject English
2023.10.15 18:15:34: Added term of subject English on TUESDAY at 11:00, 45 min to subject English
2023.10.15 18:15:34: Added term of subject English on WEDNESDAY at 10:30, 45 min to subject English
2023.10.15 18:15:34: Added term of subject English on THURSDAY at 11:00, 45 min to subject English
2023.10.15 18:15:34: Added subject English to class 1A, profile humane
2023.10.15 18:15:34: Added term of subject Computer Science on TUESDAY at 09:00, 45 min to subject Computer Science
2023.10.15 18:15:34: Added subject Computer Science to class 1A, profile humane
2023.10.15 18:15:34: Added term of subject Chemistry on WEDNESDAY at 11:30, 45 min to subject Chemistry
2023.10.15 18:15:34: Added subject Chemistry to class 1A, profile humane
2023.10.15 18:15:34: Added term of subject Potions on FRIDAY at 09:00, 90 min to subject Potions
2023.10.15 18:15:34: Added subject Potions to class 1A, profile humane
2023.10.15 18:15:34: Added term of subject Black Magic Defense on FRIDAY at 12:30, 90 min to subject Black Magic Defense
2023.10.15 18:15:34: Added subject Black Magic Defense to class 1A, profile humane
2023.10.15 18:15:34: Added class 1A, profile humane
2023.10.15 19:08:13: Teachers data was loaded successfully.
2023.10.15 19:10:09: Teachers data was loaded successfully.
2023.10.15 19:10:09: Classes data was loaded successfully.
2023.10.15 19:21:47: Teachers data was saved successfully.
2023.10.15 19:21:47: Added Thomas Anderson Teacher
2023.10.15 19:21:47: Teachers data was saved successfully.
2023.10.15 19:21:47: Added Han Solo Teacher
2023.10.15 19:21:47: Teachers data was saved successfully.
2023.10.15 19:21:47: Added Princess Leia Teacher
2023.10.15 19:21:47: Teachers data was saved successfully.
2023.10.15 19:21:47: Added Severus Snape Teacher
2023.10.15 19:21:47: Teachers data was saved successfully.
2023.10.15 19:21:47: Added Dolores Umbridge Teacher
2023.10.15 19:21:47: Added Peter Pan Student to class class 1A, profile humane
2023.10.15 19:21:47: Added Anna Shirley Student to class class 1A, profile humane
2023.10.15 19:21:47: Added Harry Potter Student to class class 1A, profile humane
2023.10.15 19:21:47: Added Ron Weasley Student to class class 1A, profile humane
2023.10.15 19:21:47: Added term of subject Math on MONDAY at 10:30, 45 min to subject Math
2023.10.15 19:21:47: Added term of subject Math on THURSDAY at 12:50, 45 min to subject Math
2023.10.15 19:21:47: Added subject Math to class 1A, profile humane
2023.10.15 19:21:47: Added term of subject English on MONDAY at 12:00, 45 min to subject English
2023.10.15 19:21:47: Added term of subject English on TUESDAY at 11:00, 45 min to subject English
2023.10.15 19:21:47: Added term of subject English on WEDNESDAY at 10:30, 45 min to subject English
2023.10.15 19:21:47: Added term of subject English on THURSDAY at 11:00, 45 min to subject English
2023.10.15 19:21:47: Added subject English to class 1A, profile humane
2023.10.15 19:21:47: Added term of subject Computer Science on TUESDAY at 09:00, 45 min to subject Computer Science
2023.10.15 19:21:47: Added subject Computer Science to class 1A, profile humane
2023.10.15 19:21:47: Added term of subject Chemistry on WEDNESDAY at 11:30, 45 min to subject Chemistry
2023.10.15 19:21:47: Added subject Chemistry to class 1A, profile humane
2023.10.15 19:21:47: Added term of subject Potions on FRIDAY at 09:00, 90 min to subject Potions
2023.10.15 19:21:47: Added subject Potions to class 1A, profile humane
2023.10.15 19:21:47: Added term of subject Black Magic Defense on FRIDAY at 12:30, 90 min to subject Black Magic Defense
2023.10.15 19:21:47: Added subject Black Magic Defense to class 1A, profile humane
2023.10.15 19:21:47: Classes data was saved successfully.
2023.10.15 19:21:47: Added class 1A, profile humane
2023.10.15 19:31:00: Teachers data was loaded successfully.
2023.10.15 19:31:00: Classes data was loaded successfully.
2023.10.15 19:33:23: Teachers data was loaded successfully.
2023.10.15 19:33:23: Classes data was loaded successfully.
2023.10.16 00:27:28: Teachers data was saved successfully.
2023.10.16 00:27:28: Added Thomas Anderson Teacher
2023.10.16 00:27:28: Teachers data was saved successfully.
2023.10.16 00:27:28: Added Han Solo Teacher
2023.10.16 00:27:28: Teachers data was saved successfully.
2023.10.16 00:27:28: Added Princess Leia Teacher
2023.10.16 00:27:28: Teachers data was saved successfully.
2023.10.16 00:27:28: Added Severus Snape Teacher
2023.10.16 00:27:28: Teachers data was saved successfully.
2023.10.16 00:27:28: Added Dolores Umbridge Teacher
2023.10.16 00:27:28: Added Peter Pan Student to class class 1A, profile humane
2023.10.16 00:27:28: Added Anna Shirley Student to class class 1A, profile humane
2023.10.16 00:27:28: Added Harry Potter Student to class class 1A, profile humane
2023.10.16 00:27:28: Added Ron Weasley Student to class class 1A, profile humane
2023.10.16 00:27:28: Added term of subject Math on MONDAY at 10:30, 45 min to subject Math
2023.10.16 00:27:28: Added term of subject Math on THURSDAY at 12:50, 45 min to subject Math
2023.10.16 00:27:28: Added subject Math to class 1A, profile humane
2023.10.16 00:27:28: Added term of subject English on MONDAY at 12:00, 45 min to subject English
2023.10.16 00:27:28: Added term of subject English on TUESDAY at 11:00, 45 min to subject English
2023.10.16 00:27:28: Added term of subject English on WEDNESDAY at 10:30, 45 min to subject English
2023.10.16 00:27:28: Added term of subject English on THURSDAY at 11:00, 45 min to subject English
2023.10.16 00:27:28: Added subject English to class 1A, profile humane
2023.10.16 00:27:28: Added term of subject Computer Science on TUESDAY at 09:00, 45 min to subject Computer Science
2023.10.16 00:27:28: Added subject Computer Science to class 1A, profile humane
2023.10.16 00:27:28: Added term of subject Chemistry on WEDNESDAY at 11:30, 45 min to subject Chemistry
2023.10.16 00:27:28: Added subject Chemistry to class 1A, profile humane
2023.10.16 00:27:28: Added term of subject Potions on FRIDAY at 09:00, 90 min to subject Potions
2023.10.16 00:27:28: Added subject Potions to class 1A, profile humane
2023.10.16 00:27:28: Added term of subject Black Magic Defense on FRIDAY at 12:30, 90 min to subject Black Magic Defense
2023.10.16 00:27:28: Added subject Black Magic Defense to class 1A, profile humane
2023.10.16 00:27:28: Classes data was saved successfully.
2023.10.16 00:27:28: Added class 1A, profile humane
